<?xml version="1.0" encoding="UTF-8"?>
<testsuites>
  <testsuite name="CLI Arguments" tests="15" assertions="31" errors="0" failures="0" skipped="0" time="0.194108">
    <testsuite name="MonkeysLegion\Queue\Tests\Unit\Factory\QueueFactoryTest" file="/home/unk/Projects/MonkeysLegion/MonkeysLegion-Queue/tests/Unit/Factory/QueueFactoryTest.php" tests="15" assertions="31" errors="0" failures="0" skipped="0" time="0.194108">
      <testcase name="testFactoryCanBeInstantiated" file="/home/unk/Projects/MonkeysLegion/MonkeysLegion-Queue/tests/Unit/Factory/QueueFactoryTest.php" line="42" class="MonkeysLegion\Queue\Tests\Unit\Factory\QueueFactoryTest" classname="MonkeysLegion.Queue.Tests.Unit.Factory.QueueFactoryTest" assertions="1" time="0.020601"/>
      <testcase name="testGetDefaultDriver" file="/home/unk/Projects/MonkeysLegion/MonkeysLegion-Queue/tests/Unit/Factory/QueueFactoryTest.php" line="48" class="MonkeysLegion\Queue\Tests\Unit\Factory\QueueFactoryTest" classname="MonkeysLegion.Queue.Tests.Unit.Factory.QueueFactoryTest" assertions="1" time="0.004754"/>
      <testcase name="testGetSettings" file="/home/unk/Projects/MonkeysLegion/MonkeysLegion-Queue/tests/Unit/Factory/QueueFactoryTest.php" line="54" class="MonkeysLegion\Queue\Tests\Unit\Factory\QueueFactoryTest" classname="MonkeysLegion.Queue.Tests.Unit.Factory.QueueFactoryTest" assertions="4" time="0.005057"/>
      <testcase name="testGetAvailableDrivers" file="/home/unk/Projects/MonkeysLegion/MonkeysLegion-Queue/tests/Unit/Factory/QueueFactoryTest.php" line="65" class="MonkeysLegion\Queue\Tests\Unit\Factory\QueueFactoryTest" classname="MonkeysLegion.Queue.Tests.Unit.Factory.QueueFactoryTest" assertions="3" time="0.004560"/>
      <testcase name="testMakeCreatesDefaultDriver" file="/home/unk/Projects/MonkeysLegion/MonkeysLegion-Queue/tests/Unit/Factory/QueueFactoryTest.php" line="75" class="MonkeysLegion\Queue\Tests\Unit\Factory\QueueFactoryTest" classname="MonkeysLegion.Queue.Tests.Unit.Factory.QueueFactoryTest" assertions="2" time="0.008741"/>
      <testcase name="testDriverCreatesNullQueue" file="/home/unk/Projects/MonkeysLegion/MonkeysLegion-Queue/tests/Unit/Factory/QueueFactoryTest.php" line="92" class="MonkeysLegion\Queue\Tests\Unit\Factory\QueueFactoryTest" classname="MonkeysLegion.Queue.Tests.Unit.Factory.QueueFactoryTest" assertions="2" time="0.005560"/>
      <testcase name="testDriverCreatesRedisQueue" file="/home/unk/Projects/MonkeysLegion/MonkeysLegion-Queue/tests/Unit/Factory/QueueFactoryTest.php" line="101" class="MonkeysLegion\Queue\Tests\Unit\Factory\QueueFactoryTest" classname="MonkeysLegion.Queue.Tests.Unit.Factory.QueueFactoryTest" assertions="2" time="0.004483"/>
      <testcase name="testDriverThrowsExceptionForUnsupportedDriver" file="/home/unk/Projects/MonkeysLegion/MonkeysLegion-Queue/tests/Unit/Factory/QueueFactoryTest.php" line="118" class="MonkeysLegion\Queue\Tests\Unit\Factory\QueueFactoryTest" classname="MonkeysLegion.Queue.Tests.Unit.Factory.QueueFactoryTest" assertions="2" time="0.004816"/>
      <testcase name="testDriverThrowsExceptionForDatabaseDriver" file="/home/unk/Projects/MonkeysLegion/MonkeysLegion-Queue/tests/Unit/Factory/QueueFactoryTest.php" line="128" class="MonkeysLegion\Queue\Tests\Unit\Factory\QueueFactoryTest" classname="MonkeysLegion.Queue.Tests.Unit.Factory.QueueFactoryTest" assertions="2" time="0.004691"/>
      <testcase name="testFactoryWithCustomDefaultDriver" file="/home/unk/Projects/MonkeysLegion/MonkeysLegion-Queue/tests/Unit/Factory/QueueFactoryTest.php" line="141" class="MonkeysLegion\Queue\Tests\Unit\Factory\QueueFactoryTest" classname="MonkeysLegion.Queue.Tests.Unit.Factory.QueueFactoryTest" assertions="2" time="0.004000"/>
      <testcase name="testFactoryWithEmptyConfig" file="/home/unk/Projects/MonkeysLegion/MonkeysLegion-Queue/tests/Unit/Factory/QueueFactoryTest.php" line="154" class="MonkeysLegion\Queue\Tests\Unit\Factory\QueueFactoryTest" classname="MonkeysLegion.Queue.Tests.Unit.Factory.QueueFactoryTest" assertions="3" time="0.004027"/>
      <testcase name="testRedisQueueWithUsernameAndPassword" file="/home/unk/Projects/MonkeysLegion/MonkeysLegion-Queue/tests/Unit/Factory/QueueFactoryTest.php" line="187" class="MonkeysLegion\Queue\Tests\Unit\Factory\QueueFactoryTest" classname="MonkeysLegion.Queue.Tests.Unit.Factory.QueueFactoryTest" assertions="1" time="0.006725"/>
      <testcase name="testRedisQueueWithCustomDatabase" file="/home/unk/Projects/MonkeysLegion/MonkeysLegion-Queue/tests/Unit/Factory/QueueFactoryTest.php" line="210" class="MonkeysLegion\Queue\Tests\Unit\Factory\QueueFactoryTest" classname="MonkeysLegion.Queue.Tests.Unit.Factory.QueueFactoryTest" assertions="1" time="0.006588"/>
      <testcase name="testRedisConnectionFailureThrowsException" file="/home/unk/Projects/MonkeysLegion/MonkeysLegion-Queue/tests/Unit/Factory/QueueFactoryTest.php" line="229" class="MonkeysLegion\Queue\Tests\Unit\Factory\QueueFactoryTest" classname="MonkeysLegion.Queue.Tests.Unit.Factory.QueueFactoryTest" assertions="2" time="0.105844"/>
      <testcase name="testNullQueueUsesSettings" file="/home/unk/Projects/MonkeysLegion/MonkeysLegion-Queue/tests/Unit/Factory/QueueFactoryTest.php" line="247" class="MonkeysLegion\Queue\Tests\Unit\Factory\QueueFactoryTest" classname="MonkeysLegion.Queue.Tests.Unit.Factory.QueueFactoryTest" assertions="3" time="0.003661"/>
    </testsuite>
  </testsuite>
</testsuites>
